<?xml version="1.0" encoding="UTF-8"?>
<!-- Generated by org.testng.reporters.JUnitXMLReporter -->
<testsuite ignored="0" hostname="EPINHYDW0B79" failures="0" tests="3" name="Default test" time="1.214" errors="0" timestamp="2024-04-28T13:15:48 IST">
  <testcase classname="testngTestcases.TestParameterization" name="doLogin" time="0.015"/>
  <testcase classname="testngTestcases.TestParameterization" name="doLogin" time="0.001"/>
  <testcase classname="testngTestcases.TestParameterization" name="doLogin" time="0.001"/>
</testsuite> <!-- Default test -->
