<?xml version="1.0" encoding="UTF-8"?>
<!-- Generated by org.testng.reporters.JUnitXMLReporter -->
<testsuite ignored="0" hostname="EPINHYDW0B79" failures="0" tests="3" name="Chrome Test" time="14.039" errors="0" timestamp="2024-04-28T13:52:54 IST">
  <testcase classname="testngTestcases.TestParameterization" name="doLogin" time="0.425"/>
  <testcase classname="testngTestcases.TestParameterization" name="doLogin" time="0.342"/>
  <testcase classname="testngTestcases.TestParameterization" name="doLogin" time="0.434"/>
</testsuite> <!-- Chrome Test -->
