<?xml version="1.0" encoding="UTF-8"?>
<!-- Generated by org.testng.reporters.JUnitXMLReporter -->
<testsuite ignored="1" hostname="EPINHYDW0B79" failures="4" tests="5" name="Testcase2" time="0.148" errors="0" timestamp="2024-04-21T12:02:19 IST">
  <testcase classname="testngTestcases.Testcase2" name="assertTrueCond" time="0.036">
    <failure type="java.lang.AssertionError" message="Title is not matching expected [google] but found [gmail]">
      <![CDATA[java.lang.AssertionError: Title is not matching expected [google] but found [gmail]
at testngTestcases.Testcase2.assertTrueCond(Testcase2.java:30)
at java.base/java.util.ArrayList.forEach(ArrayList.java:1541)
... Removed 32 stack frames]]>
    </failure>
  </testcase> <!-- assertTrueCond -->
  <testcase classname="testngTestcases.Testcase2" name="intentionallyFail" time="0.01">
    <failure type="java.lang.AssertionError" message="Intentionally failed">
      <![CDATA[java.lang.AssertionError: Intentionally failed
at testngTestcases.Testcase2.intentionallyFail(Testcase2.java:48)
at java.base/java.util.ArrayList.forEach(ArrayList.java:1541)
... Removed 28 stack frames]]>
    </failure>
  </testcase> <!-- intentionallyFail -->
  <testcase classname="testngTestcases.Testcase2" name="intentionallySkip" time="0.003">
    <skipped/>
  </testcase> <!-- intentionallySkip -->
  <testcase classname="testngTestcases.Testcase2" name="softAssertCond" time="0.011">
    <failure type="java.lang.AssertionError" message="Title is not matching expected [google] but found [gmail]">
      <![CDATA[java.lang.AssertionError: Title is not matching expected [google] but found [gmail]
at testngTestcases.Testcase2.softAssertCond(Testcase2.java:64)
at java.base/java.util.ArrayList.forEach(ArrayList.java:1541)
... Removed 32 stack frames]]>
    </failure>
  </testcase> <!-- softAssertCond -->
  <testcase classname="testngTestcases.Testcase2" name="verifyTitle" time="0.037">
    <failure type="java.lang.AssertionError" message="gmail expected:&amp;lt;google&amp;gt; but was:&amp;lt;Title is not matching&amp;gt;">
      <![CDATA[java.lang.AssertionError: gmail expected:<google> but was:<Title is not matching>
at testngTestcases.Testcase2.verifyTitle(Testcase2.java:18)
at java.base/java.util.ArrayList.forEach(ArrayList.java:1541)
... Removed 28 stack frames]]>
    </failure>
  </testcase> <!-- verifyTitle -->
  <testcase classname="testngTestcases.Testcase2" name="assertFalseCond" time="0.0">
    <ignored/>
  </testcase> <!-- assertFalseCond -->
</testsuite> <!-- Testcase2 -->
