<?xml version="1.0" encoding="UTF-8"?>
<testng-results ignored="0" total="3" passed="3" failed="0" skipped="0">
  <reporter-output>
  </reporter-output>
  <suite started-at="2024-04-28T13:52:40 IST" name="Suite" finished-at="2024-04-28T13:52:54 IST" duration-ms="14039">
    <groups>
    </groups>
    <test started-at="2024-04-28T13:52:40 IST" name="Chrome Test" finished-at="2024-04-28T13:52:54 IST" duration-ms="14039">
      <class name="testngTestcases.TestParameterization">
        <test-method is-config="true" signature="setUp()[pri:0, instance:testngTestcases.TestParameterization@2f953efd]" started-at="2024-04-28T13:52:40 IST" name="setUp" finished-at="2024-04-28T13:52:40 IST" duration-ms="113" status="PASS">
          <reporter-output>
          </reporter-output>
        </test-method> <!-- setUp -->
        <test-method is-config="true" signature="launchBrowser(java.lang.String,java.lang.String)[pri:0, instance:testngTestcases.TestParameterization@2f953efd]" started-at="2024-04-28T13:52:41 IST" name="launchBrowser" finished-at="2024-04-28T13:52:45 IST" duration-ms="4594" status="PASS">
          <params>
            <param index="0">
              <value>
                <![CDATA[chrome]]>
              </value>
            </param>
            <param index="1">
              <value>
                <![CDATA[https://facebook.com]]>
              </value>
            </param>
          </params>
          <reporter-output>
          </reporter-output>
        </test-method> <!-- launchBrowser -->
        <test-method signature="doLogin(java.lang.String,java.lang.String)[pri:0, instance:testngTestcases.TestParameterization@2f953efd]" started-at="2024-04-28T13:52:45 IST" name="doLogin" data-provider="dp" finished-at="2024-04-28T13:52:46 IST" duration-ms="425" status="PASS">
          <params>
            <param index="0">
              <value>
                <![CDATA[testing1]]>
              </value>
            </param>
            <param index="1">
              <value>
                <![CDATA[password1]]>
              </value>
            </param>
          </params>
          <reporter-output>
          </reporter-output>
        </test-method> <!-- doLogin -->
        <test-method is-config="true" signature="launchBrowser(java.lang.String,java.lang.String)[pri:0, instance:testngTestcases.TestParameterization@2f953efd]" started-at="2024-04-28T13:52:46 IST" name="launchBrowser" finished-at="2024-04-28T13:52:49 IST" duration-ms="3595" status="PASS">
          <params>
            <param index="0">
              <value>
                <![CDATA[chrome]]>
              </value>
            </param>
            <param index="1">
              <value>
                <![CDATA[https://facebook.com]]>
              </value>
            </param>
          </params>
          <reporter-output>
          </reporter-output>
        </test-method> <!-- launchBrowser -->
        <test-method signature="doLogin(java.lang.String,java.lang.String)[pri:0, instance:testngTestcases.TestParameterization@2f953efd]" started-at="2024-04-28T13:52:49 IST" name="doLogin" data-provider="dp" finished-at="2024-04-28T13:52:50 IST" duration-ms="342" status="PASS">
          <params>
            <param index="0">
              <value>
                <![CDATA[testing2]]>
              </value>
            </param>
            <param index="1">
              <value>
                <![CDATA[password2]]>
              </value>
            </param>
          </params>
          <reporter-output>
          </reporter-output>
        </test-method> <!-- doLogin -->
        <test-method is-config="true" signature="launchBrowser(java.lang.String,java.lang.String)[pri:0, instance:testngTestcases.TestParameterization@2f953efd]" started-at="2024-04-28T13:52:50 IST" name="launchBrowser" finished-at="2024-04-28T13:52:53 IST" duration-ms="3764" status="PASS">
          <params>
            <param index="0">
              <value>
                <![CDATA[chrome]]>
              </value>
            </param>
            <param index="1">
              <value>
                <![CDATA[https://facebook.com]]>
              </value>
            </param>
          </params>
          <reporter-output>
          </reporter-output>
        </test-method> <!-- launchBrowser -->
        <test-method signature="doLogin(java.lang.String,java.lang.String)[pri:0, instance:testngTestcases.TestParameterization@2f953efd]" started-at="2024-04-28T13:52:53 IST" name="doLogin" data-provider="dp" finished-at="2024-04-28T13:52:54 IST" duration-ms="434" status="PASS">
          <params>
            <param index="0">
              <value>
                <![CDATA[testing3]]>
              </value>
            </param>
            <param index="1">
              <value>
                <![CDATA[password3]]>
              </value>
            </param>
          </params>
          <reporter-output>
          </reporter-output>
        </test-method> <!-- doLogin -->
      </class> <!-- testngTestcases.TestParameterization -->
    </test> <!-- Chrome Test -->
  </suite> <!-- Suite -->
</testng-results>
