<?xml version="1.0" encoding="UTF-8"?>
<testng-results ignored="0" total="2" passed="2" failed="0" skipped="0">
  <reporter-output>
  </reporter-output>
  <suite started-at="2024-05-26T10:33:01 IST" name="Suite" finished-at="2024-05-26T10:33:22 IST" duration-ms="21292">
    <groups>
    </groups>
    <test started-at="2024-05-26T10:33:01 IST" name="Chrome Test" finished-at="2024-05-26T10:33:09 IST" duration-ms="7865">
      <class name="seleniumgrid.SeleniumGrid">
        <test-method signature="lauchBrowser(java.lang.String,java.lang.String)[pri:0, instance:seleniumgrid.SeleniumGrid@4c163e3]" started-at="2024-05-26T10:33:01 IST" name="lauchBrowser" finished-at="2024-05-26T10:33:09 IST" duration-ms="7718" status="PASS">
          <params>
            <param index="0">
              <value>
                <![CDATA[chrome]]>
              </value>
            </param>
            <param index="1">
              <value>
                <![CDATA[https://google.com]]>
              </value>
            </param>
          </params>
          <reporter-output>
          </reporter-output>
        </test-method> <!-- lauchBrowser -->
      </class> <!-- seleniumgrid.SeleniumGrid -->
    </test> <!-- Chrome Test -->
    <test started-at="2024-05-26T10:33:09 IST" name="Firefox Test" finished-at="2024-05-26T10:33:22 IST" duration-ms="13218">
      <class name="seleniumgrid.SeleniumGrid">
        <test-method signature="lauchBrowser(java.lang.String,java.lang.String)[pri:0, instance:seleniumgrid.SeleniumGrid@3aa078fd]" started-at="2024-05-26T10:33:09 IST" name="lauchBrowser" finished-at="2024-05-26T10:33:22 IST" duration-ms="13201" status="PASS">
          <params>
            <param index="0">
              <value>
                <![CDATA[firefox]]>
              </value>
            </param>
            <param index="1">
              <value>
                <![CDATA[https://google.com]]>
              </value>
            </param>
          </params>
          <reporter-output>
          </reporter-output>
        </test-method> <!-- lauchBrowser -->
      </class> <!-- seleniumgrid.SeleniumGrid -->
    </test> <!-- Firefox Test -->
  </suite> <!-- Suite -->
</testng-results>
